gpgv: Signature made 2011年04月26日 (週二) 20時17分07秒 CST using DSA key ID 437D05B5
gpgv: Good signature from "Ubuntu Archive Automatic Signing Key <ftpmaster@ubuntu.com>"
dpkg: warning: parsing file '/var/lib/dpkg/status' near line 3 package 'dpkg':
 missing description
dpkg: warning: parsing file '/var/lib/dpkg/status' near line 3 package 'dpkg':
 missing maintainer
dpkg: warning: parsing file '/var/lib/dpkg/status' near line 3 package 'dpkg':
 missing architecture
Selecting previously deselected package base-passwd.
(Reading database ... 0 files and directories currently installed.)
Unpacking base-passwd (from .../base-passwd_3.5.22_amd64.deb) ...
dpkg: base-passwd: dependency problems, but configuring anyway as you requested:
 base-passwd depends on libc6 (>= 2.8); however:
  Package libc6 is not installed.
Setting up base-passwd (3.5.22) ...
dpkg: warning: parsing file '/var/lib/dpkg/status' near line 20 package 'dpkg':
 missing description
dpkg: warning: parsing file '/var/lib/dpkg/status' near line 20 package 'dpkg':
 missing maintainer
dpkg: warning: parsing file '/var/lib/dpkg/status' near line 20 package 'dpkg':
 missing architecture
Selecting previously deselected package base-files.
dpkg: regarding .../base-files_5.0.0ubuntu28_amd64.deb containing base-files, pre-dependency problem:
 base-files pre-depends on awk
  awk is not installed.
dpkg: warning: ignoring pre-dependency problem!
(Reading database ... 32 files and directories currently installed.)
Unpacking base-files (from .../base-files_5.0.0ubuntu28_amd64.deb) ...
dpkg: base-files: dependency problems, but configuring anyway as you requested:
 base-files depends on awk; however:
  Package awk is not installed.
 base-files depends on libpam-modules (>= 0.79-3ubuntu3); however:
  Package libpam-modules is not installed.
Setting up base-files (5.0.0ubuntu28) ...
dpkg: warning: parsing file '/var/lib/dpkg/status' near line 48 package 'dpkg':
 missing description
dpkg: warning: parsing file '/var/lib/dpkg/status' near line 48 package 'dpkg':
 missing maintainer
dpkg: warning: parsing file '/var/lib/dpkg/status' near line 48 package 'dpkg':
 missing architecture
dpkg: regarding .../dpkg_1.16.0~ubuntu7_amd64.deb containing dpkg, pre-dependency problem:
 dpkg pre-depends on libbz2-1.0
  libbz2-1.0 is not installed.
dpkg: warning: ignoring pre-dependency problem!
dpkg: regarding .../dpkg_1.16.0~ubuntu7_amd64.deb containing dpkg, pre-dependency problem:
 dpkg pre-depends on libc6 (>= 2.11)
dpkg: warning: ignoring pre-dependency problem!
dpkg: regarding .../dpkg_1.16.0~ubuntu7_amd64.deb containing dpkg, pre-dependency problem:
 dpkg pre-depends on libselinux1 (>= 1.32)
dpkg: warning: ignoring pre-dependency problem!
dpkg: regarding .../dpkg_1.16.0~ubuntu7_amd64.deb containing dpkg, pre-dependency problem:
 dpkg pre-depends on zlib1g (>= 1:1.1.4)
dpkg: warning: ignoring pre-dependency problem!
dpkg: regarding .../dpkg_1.16.0~ubuntu7_amd64.deb containing dpkg, pre-dependency problem:
 dpkg pre-depends on coreutils (>= 5.93-1)
dpkg: warning: ignoring pre-dependency problem!
dpkg: regarding .../dpkg_1.16.0~ubuntu7_amd64.deb containing dpkg, pre-dependency problem:
 dpkg pre-depends on xz-utils
  xz-utils is not installed.
dpkg: warning: ignoring pre-dependency problem!
(Reading database ... 108 files and directories currently installed.)
Preparing to replace dpkg 1.16.0~ubuntu7 (using .../dpkg_1.16.0~ubuntu7_amd64.deb) ...
Unpacking replacement dpkg ...
dpkg: dpkg: dependency problems, but configuring anyway as you requested:
 dpkg depends on libbz2-1.0; however:
  Package libbz2-1.0 is not installed.
 dpkg depends on libc6 (>= 2.11); however:
  Package libc6 is not installed.
 dpkg depends on libselinux1 (>= 1.32); however:
  Package libselinux1 is not installed.
 dpkg depends on zlib1g (>= 1:1.1.4); however:
  Package zlib1g is not installed.
 dpkg depends on coreutils (>= 5.93-1); however:
  Package coreutils is not installed.
 dpkg depends on xz-utils; however:
  Package xz-utils is not installed.
Setting up dpkg (1.16.0~ubuntu7) ...
Selecting previously deselected package libc6.
(Reading database ... 354 files and directories currently installed.)
Unpacking libc6 (from .../libc6_2.13-0ubuntu13_amd64.deb) ...
dpkg: libc6: dependency problems, but configuring anyway as you requested:
 libc6 depends on libc-bin (= 2.13-0ubuntu13); however:
  Package libc-bin is not installed.
 libc6 depends on libgcc1; however:
  Package libgcc1 is not installed.
 libc6 depends on tzdata; however:
  Package tzdata is not installed.
Setting up libc6 (2.13-0ubuntu13) ...
Selecting previously deselected package perl-base.
(Reading database ... 664 files and directories currently installed.)
Unpacking perl-base (from .../perl-base_5.10.1-17ubuntu4_amd64.deb) ...
Setting up perl-base (5.10.1-17ubuntu4) ...
Selecting previously deselected package mawk.
(Reading database ... 1305 files and directories currently installed.)
Unpacking mawk (from .../mawk_1.3.3-15ubuntu2_amd64.deb) ...
Setting up mawk (1.3.3-15ubuntu2) ...
Selecting previously deselected package adduser.
(Reading database ... 1324 files and directories currently installed.)
Unpacking adduser (from .../adduser_3.112+nmu1ubuntu5_all.deb) ...
Preparing to replace base-files 5.0.0ubuntu28 (using .../base-files_5.0.0ubuntu28_amd64.deb) ...
Unpacking replacement base-files ...
Preparing to replace base-passwd 3.5.22 (using .../base-passwd_3.5.22_amd64.deb) ...
Unpacking replacement base-passwd ...
Selecting previously deselected package bash.
dpkg: regarding .../bash_4.2-0ubuntu3_amd64.deb containing bash, pre-dependency problem:
 bash pre-depends on dash
  dash is not installed.
dpkg: warning: ignoring pre-dependency problem!
dpkg: regarding .../bash_4.2-0ubuntu3_amd64.deb containing bash, pre-dependency problem:
 bash pre-depends on libncurses5 (>= 5.5-5~)
dpkg: warning: ignoring pre-dependency problem!
Unpacking bash (from .../bash_4.2-0ubuntu3_amd64.deb) ...
The bash upgrade discovered that your /bin/sh link points to dash.
As bash for Debian is destined to provide a working /bin/sh (pointing to
/bin/bash) your link will be overwritten by a default link.

If you don't want further upgrades to overwrite your customization, please
read /usr/share/doc/bash/README.Debian.gz for a more permanent solution.

[Press RETURN to continue]
Selecting previously deselected package bsdutils.
Unpacking bsdutils (from .../bsdutils_1%3a2.17.2-9.1ubuntu4_amd64.deb) ...
Selecting previously deselected package busybox-initramfs.
Unpacking busybox-initramfs (from .../busybox-initramfs_1%3a1.17.1-10ubuntu1_amd64.deb) ...
Selecting previously deselected package coreutils.
dpkg: regarding .../coreutils_8.5-1ubuntu6_amd64.deb containing coreutils, pre-dependency problem:
 coreutils pre-depends on libacl1 (>= 2.2.11-1)
dpkg: warning: ignoring pre-dependency problem!
dpkg: regarding .../coreutils_8.5-1ubuntu6_amd64.deb containing coreutils, pre-dependency problem:
 coreutils pre-depends on libattr1 (>= 2.4.41-1)
dpkg: warning: ignoring pre-dependency problem!
dpkg: regarding .../coreutils_8.5-1ubuntu6_amd64.deb containing coreutils, pre-dependency problem:
 coreutils pre-depends on libselinux1 (>= 1.32)
dpkg: warning: ignoring pre-dependency problem!
Unpacking coreutils (from .../coreutils_8.5-1ubuntu6_amd64.deb) ...
Selecting previously deselected package cpio.
Unpacking cpio (from .../cpio_2.11-7ubuntu1_amd64.deb) ...
Selecting previously deselected package dash.
Unpacking dash (from .../dash_0.5.5.1-7.2ubuntu1_amd64.deb) ...
Adding 'diversion of /bin/sh to /bin/sh.distrib by dash'
Adding 'diversion of /usr/share/man/man1/sh.1.gz to /usr/share/man/man1/sh.distrib.1.gz by dash'
Selecting previously deselected package debconf.
Unpacking debconf (from .../debconf_1.5.36ubuntu4_all.deb) ...
Selecting previously deselected package debconf-i18n.
Unpacking debconf-i18n (from .../debconf-i18n_1.5.36ubuntu4_all.deb) ...
Selecting previously deselected package debianutils.
Unpacking debianutils (from .../debianutils_3.4.3ubuntu1_amd64.deb) ...
Selecting previously deselected package diffutils.
Unpacking diffutils (from .../diffutils_1%3a3.0-1_amd64.deb) ...
dpkg: regarding .../dpkg_1.16.0~ubuntu7_amd64.deb containing dpkg, pre-dependency problem:
 dpkg pre-depends on libbz2-1.0
  libbz2-1.0 is not installed.
dpkg: warning: ignoring pre-dependency problem!
dpkg: regarding .../dpkg_1.16.0~ubuntu7_amd64.deb containing dpkg, pre-dependency problem:
 dpkg pre-depends on libselinux1 (>= 1.32)
dpkg: warning: ignoring pre-dependency problem!
dpkg: regarding .../dpkg_1.16.0~ubuntu7_amd64.deb containing dpkg, pre-dependency problem:
 dpkg pre-depends on zlib1g (>= 1:1.1.4)
dpkg: warning: ignoring pre-dependency problem!
dpkg: regarding .../dpkg_1.16.0~ubuntu7_amd64.deb containing dpkg, pre-dependency problem:
 dpkg pre-depends on coreutils (>= 5.93-1)
  coreutils is unpacked, but has never been configured.
dpkg: warning: ignoring pre-dependency problem!
dpkg: regarding .../dpkg_1.16.0~ubuntu7_amd64.deb containing dpkg, pre-dependency problem:
 dpkg pre-depends on xz-utils
  xz-utils is not installed.
dpkg: warning: ignoring pre-dependency problem!
Preparing to replace dpkg 1.16.0~ubuntu7 (using .../dpkg_1.16.0~ubuntu7_amd64.deb) ...
Unpacking replacement dpkg ...
Selecting previously deselected package e2fslibs.
dpkg: regarding .../e2fslibs_1.41.14-1ubuntu3_amd64.deb containing e2fslibs, pre-dependency problem:
 e2fslibs pre-depends on multiarch-support
  multiarch-support is not installed.
dpkg: warning: ignoring pre-dependency problem!
Unpacking e2fslibs (from .../e2fslibs_1.41.14-1ubuntu3_amd64.deb) ...
Selecting previously deselected package e2fsprogs.
dpkg: regarding .../e2fsprogs_1.41.14-1ubuntu3_amd64.deb containing e2fsprogs, pre-dependency problem:
 e2fsprogs pre-depends on e2fslibs (= 1.41.14-1ubuntu3)
  e2fslibs is unpacked, but has never been configured.
dpkg: warning: ignoring pre-dependency problem!
dpkg: regarding .../e2fsprogs_1.41.14-1ubuntu3_amd64.deb containing e2fsprogs, pre-dependency problem:
 e2fsprogs pre-depends on libblkid1 (>= 2.17.2)
dpkg: warning: ignoring pre-dependency problem!
dpkg: regarding .../e2fsprogs_1.41.14-1ubuntu3_amd64.deb containing e2fsprogs, pre-dependency problem:
 e2fsprogs pre-depends on libcomerr2 (>= 1.34-1)
dpkg: warning: ignoring pre-dependency problem!
dpkg: regarding .../e2fsprogs_1.41.14-1ubuntu3_amd64.deb containing e2fsprogs, pre-dependency problem:
 e2fsprogs pre-depends on libss2 (>= 1.34-1)
dpkg: warning: ignoring pre-dependency problem!
dpkg: regarding .../e2fsprogs_1.41.14-1ubuntu3_amd64.deb containing e2fsprogs, pre-dependency problem:
 e2fsprogs pre-depends on libuuid1 (>= 2.16)
dpkg: warning: ignoring pre-dependency problem!
dpkg: regarding .../e2fsprogs_1.41.14-1ubuntu3_amd64.deb containing e2fsprogs, pre-dependency problem:
 e2fsprogs pre-depends on util-linux (>= 2.15~rc1-1)
dpkg: warning: ignoring pre-dependency problem!
Unpacking e2fsprogs (from .../e2fsprogs_1.41.14-1ubuntu3_amd64.deb) ...
Selecting previously deselected package findutils.
Unpacking findutils (from .../findutils_4.4.2-1ubuntu3_amd64.deb) ...
Selecting previously deselected package gcc-4.5-base.
Unpacking gcc-4.5-base (from .../gcc-4.5-base_4.5.2-8ubuntu4_amd64.deb) ...
Selecting previously deselected package grep.
Unpacking grep (from .../grep_2.6.3-3ubuntu1_amd64.deb) ...
Selecting previously deselected package gzip.
Unpacking gzip (from .../gzip_1.3.12-9ubuntu1.1_amd64.deb) ...
Selecting previously deselected package hostname.
dpkg: regarding .../hostname_3.05ubuntu1_amd64.deb containing hostname, pre-dependency problem:
 hostname pre-depends on upstart-job
  upstart-job is not installed.
dpkg: warning: ignoring pre-dependency problem!
Unpacking hostname (from .../hostname_3.05ubuntu1_amd64.deb) ...
Selecting previously deselected package ifupdown.
Unpacking ifupdown (from .../ifupdown_0.6.10ubuntu4_amd64.deb) ...
Selecting previously deselected package initramfs-tools.
Unpacking initramfs-tools (from .../initramfs-tools_0.98.8ubuntu3_all.deb) ...
Selecting previously deselected package initramfs-tools-bin.
Unpacking initramfs-tools-bin (from .../initramfs-tools-bin_0.98.8ubuntu3_amd64.deb) ...
Selecting previously deselected package initscripts.
Unpacking initscripts (from .../initscripts_2.87dsf-4ubuntu23_amd64.deb) ...
Selecting previously deselected package insserv.
Unpacking insserv (from .../insserv_1.14.0-2_amd64.deb) ...
Selecting previously deselected package klibc-utils.
Unpacking klibc-utils (from .../klibc-utils_1.5.20-1ubuntu6_amd64.deb) ...
Selecting previously deselected package libacl1.
dpkg: regarding .../libacl1_2.2.49-4ubuntu2_amd64.deb containing libacl1, pre-dependency problem:
 libacl1 pre-depends on multiarch-support
  multiarch-support is not installed.
dpkg: warning: ignoring pre-dependency problem!
Unpacking libacl1 (from .../libacl1_2.2.49-4ubuntu2_amd64.deb) ...
Selecting previously deselected package libattr1.
dpkg: regarding .../libattr1_1%3a2.4.44-2ubuntu3_amd64.deb containing libattr1, pre-dependency problem:
 libattr1 pre-depends on multiarch-support
  multiarch-support is not installed.
dpkg: warning: ignoring pre-dependency problem!
Unpacking libattr1 (from .../libattr1_1%3a2.4.44-2ubuntu3_amd64.deb) ...
Selecting previously deselected package libblkid1.
dpkg: regarding .../libblkid1_2.17.2-9.1ubuntu4_amd64.deb containing libblkid1, pre-dependency problem:
 libblkid1 pre-depends on multiarch-support
  multiarch-support is not installed.
dpkg: warning: ignoring pre-dependency problem!
Unpacking libblkid1 (from .../libblkid1_2.17.2-9.1ubuntu4_amd64.deb) ...
Selecting previously deselected package libbz2-1.0.
Unpacking libbz2-1.0 (from .../libbz2-1.0_1.0.5-6ubuntu1_amd64.deb) ...
Selecting previously deselected package libc-bin.
Unpacking libc-bin (from .../libc-bin_2.13-0ubuntu13_amd64.deb) ...
Preparing to replace libc6 2.13-0ubuntu13 (using .../libc6_2.13-0ubuntu13_amd64.deb) ...
Unpacking replacement libc6 ...
Selecting previously deselected package libcomerr2.
dpkg: regarding .../libcomerr2_1.41.14-1ubuntu3_amd64.deb containing libcomerr2, pre-dependency problem:
 libcomerr2 pre-depends on multiarch-support
  multiarch-support is not installed.
dpkg: warning: ignoring pre-dependency problem!
Unpacking libcomerr2 (from .../libcomerr2_1.41.14-1ubuntu3_amd64.deb) ...
Selecting previously deselected package libdb4.8.
dpkg: regarding .../libdb4.8_4.8.30-5ubuntu2_amd64.deb containing libdb4.8, pre-dependency problem:
 libdb4.8 pre-depends on multiarch-support
  multiarch-support is not installed.
dpkg: warning: ignoring pre-dependency problem!
Unpacking libdb4.8 (from .../libdb4.8_4.8.30-5ubuntu2_amd64.deb) ...
Selecting previously deselected package libdbus-1-3.
dpkg: regarding .../libdbus-1-3_1.4.6-1ubuntu6_amd64.deb containing libdbus-1-3, pre-dependency problem:
 libdbus-1-3 pre-depends on multiarch-support
  multiarch-support is not installed.
dpkg: warning: ignoring pre-dependency problem!
Unpacking libdbus-1-3 (from .../libdbus-1-3_1.4.6-1ubuntu6_amd64.deb) ...
Selecting previously deselected package libdrm-intel1.
dpkg: regarding .../libdrm-intel1_2.4.23-1ubuntu6_amd64.deb containing libdrm-intel1, pre-dependency problem:
 libdrm-intel1 pre-depends on multiarch-support
  multiarch-support is not installed.
dpkg: warning: ignoring pre-dependency problem!
Unpacking libdrm-intel1 (from .../libdrm-intel1_2.4.23-1ubuntu6_amd64.deb) ...
Selecting previously deselected package libdrm-nouveau1a.
dpkg: regarding .../libdrm-nouveau1a_2.4.23-1ubuntu6_amd64.deb containing libdrm-nouveau1a, pre-dependency problem:
 libdrm-nouveau1a pre-depends on multiarch-support
  multiarch-support is not installed.
dpkg: warning: ignoring pre-dependency problem!
Unpacking libdrm-nouveau1a (from .../libdrm-nouveau1a_2.4.23-1ubuntu6_amd64.deb) ...
Selecting previously deselected package libdrm-radeon1.
dpkg: regarding .../libdrm-radeon1_2.4.23-1ubuntu6_amd64.deb containing libdrm-radeon1, pre-dependency problem:
 libdrm-radeon1 pre-depends on multiarch-support
  multiarch-support is not installed.
dpkg: warning: ignoring pre-dependency problem!
Unpacking libdrm-radeon1 (from .../libdrm-radeon1_2.4.23-1ubuntu6_amd64.deb) ...
Selecting previously deselected package libdrm2.
dpkg: regarding .../libdrm2_2.4.23-1ubuntu6_amd64.deb containing libdrm2, pre-dependency problem:
 libdrm2 pre-depends on multiarch-support
  multiarch-support is not installed.
dpkg: warning: ignoring pre-dependency problem!
Unpacking libdrm2 (from .../libdrm2_2.4.23-1ubuntu6_amd64.deb) ...
Selecting previously deselected package libgcc1.
dpkg: regarding .../libgcc1_1%3a4.5.2-8ubuntu4_amd64.deb containing libgcc1, pre-dependency problem:
 libgcc1 pre-depends on multiarch-support
  multiarch-support is not installed.
dpkg: warning: ignoring pre-dependency problem!
Unpacking libgcc1 (from .../libgcc1_1%3a4.5.2-8ubuntu4_amd64.deb) ...
Selecting previously deselected package libglib2.0-0.
dpkg: regarding .../libglib2.0-0_2.28.6-0ubuntu1_amd64.deb containing libglib2.0-0, pre-dependency problem:
 libglib2.0-0 pre-depends on multiarch-support
  multiarch-support is not installed.
dpkg: warning: ignoring pre-dependency problem!
Unpacking libglib2.0-0 (from .../libglib2.0-0_2.28.6-0ubuntu1_amd64.deb) ...
Selecting previously deselected package libklibc.
Unpacking libklibc (from .../libklibc_1.5.20-1ubuntu6_amd64.deb) ...
Selecting previously deselected package liblocale-gettext-perl.
Unpacking liblocale-gettext-perl (from .../liblocale-gettext-perl_1.05-6_amd64.deb) ...
Selecting previously deselected package liblzma2.
Unpacking liblzma2 (from .../liblzma2_5.0.0-2_amd64.deb) ...
Selecting previously deselected package libncurses5.
Unpacking libncurses5 (from .../libncurses5_5.7+20101128-1_amd64.deb) ...
Selecting previously deselected package libncursesw5.
Unpacking libncursesw5 (from .../libncursesw5_5.7+20101128-1_amd64.deb) ...
Selecting previously deselected package libnih-dbus1.
Unpacking libnih-dbus1 (from .../libnih-dbus1_1.0.3-1ubuntu1_amd64.deb) ...
Selecting previously deselected package libnih1.
Unpacking libnih1 (from .../libnih1_1.0.3-1ubuntu1_amd64.deb) ...
Selecting previously deselected package libpam-modules.
dpkg: regarding .../libpam-modules_1.1.2-2ubuntu8_amd64.deb containing libpam-modules, pre-dependency problem:
 libpam-modules pre-depends on libdb4.8
  libdb4.8 is unpacked, but has never been configured.
dpkg: warning: ignoring pre-dependency problem!
dpkg: regarding .../libpam-modules_1.1.2-2ubuntu8_amd64.deb containing libpam-modules, pre-dependency problem:
 libpam-modules pre-depends on libpam0g (>= 1.1.2-2ubuntu4)
dpkg: warning: ignoring pre-dependency problem!
dpkg: regarding .../libpam-modules_1.1.2-2ubuntu8_amd64.deb containing libpam-modules, pre-dependency problem:
 libpam-modules pre-depends on libselinux1 (>= 2.0.85)
dpkg: warning: ignoring pre-dependency problem!
dpkg: regarding .../libpam-modules_1.1.2-2ubuntu8_amd64.deb containing libpam-modules, pre-dependency problem:
 libpam-modules pre-depends on debconf (>= 0.5) | debconf-2.0
  debconf is unpacked, but has never been configured.
  debconf provides debconf-2.0 but is unpacked but not configured.
dpkg: warning: ignoring pre-dependency problem!
dpkg: regarding .../libpam-modules_1.1.2-2ubuntu8_amd64.deb containing libpam-modules, pre-dependency problem:
 libpam-modules pre-depends on libpam-modules-bin (= 1.1.2-2ubuntu8)
dpkg: warning: ignoring pre-dependency problem!
Unpacking libpam-modules (from .../libpam-modules_1.1.2-2ubuntu8_amd64.deb) ...
locale: Cannot set LC_ALL to default locale: No such file or directory
Selecting previously deselected package libpam-modules-bin.
Unpacking libpam-modules-bin (from .../libpam-modules-bin_1.1.2-2ubuntu8_amd64.deb) ...
Selecting previously deselected package libpam-runtime.
Unpacking libpam-runtime (from .../libpam-runtime_1.1.2-2ubuntu8_all.deb) ...
Selecting previously deselected package libpam0g.
dpkg: regarding .../libpam0g_1.1.2-2ubuntu8_amd64.deb containing libpam0g, pre-dependency problem:
 libpam0g pre-depends on multiarch-support
  multiarch-support is not installed.
dpkg: warning: ignoring pre-dependency problem!
Unpacking libpam0g (from .../libpam0g_1.1.2-2ubuntu8_amd64.deb) ...
Selecting previously deselected package libpcre3.
dpkg: regarding .../libpcre3_8.12-3ubuntu2_amd64.deb containing libpcre3, pre-dependency problem:
 libpcre3 pre-depends on multiarch-support
  multiarch-support is not installed.
dpkg: warning: ignoring pre-dependency problem!
Unpacking libpcre3 (from .../libpcre3_8.12-3ubuntu2_amd64.deb) ...
Selecting previously deselected package libplymouth2.
Unpacking libplymouth2 (from .../libplymouth2_0.8.2-2ubuntu22_amd64.deb) ...
Selecting previously deselected package libpng12-0.
dpkg: regarding .../libpng12-0_1.2.44-1ubuntu3_amd64.deb containing libpng12-0, pre-dependency problem:
 libpng12-0 pre-depends on multiarch-support
  multiarch-support is not installed.
dpkg: warning: ignoring pre-dependency problem!
Unpacking libpng12-0 (from .../libpng12-0_1.2.44-1ubuntu3_amd64.deb) ...
Selecting previously deselected package libselinux1.
dpkg: regarding .../libselinux1_2.0.96-1ubuntu2_amd64.deb containing libselinux1, pre-dependency problem:
 libselinux1 pre-depends on multiarch-support
  multiarch-support is not installed.
dpkg: warning: ignoring pre-dependency problem!
Unpacking libselinux1 (from .../libselinux1_2.0.96-1ubuntu2_amd64.deb) ...
Selecting previously deselected package libsepol1.
Unpacking libsepol1 (from .../libsepol1_2.0.41-1_amd64.deb) ...
Selecting previously deselected package libslang2.
Unpacking libslang2 (from .../libslang2_2.2.2-4ubuntu2_amd64.deb) ...
Selecting previously deselected package libss2.
dpkg: regarding .../libss2_1.41.14-1ubuntu3_amd64.deb containing libss2, pre-dependency problem:
 libss2 pre-depends on multiarch-support
  multiarch-support is not installed.
dpkg: warning: ignoring pre-dependency problem!
Unpacking libss2 (from .../libss2_1.41.14-1ubuntu3_amd64.deb) ...
Selecting previously deselected package libssl0.9.8.
Unpacking libssl0.9.8 (from .../libssl0.9.8_0.9.8o-5ubuntu1_amd64.deb) ...
Selecting previously deselected package libtext-charwidth-perl.
Unpacking libtext-charwidth-perl (from .../libtext-charwidth-perl_0.04-6_amd64.deb) ...
Selecting previously deselected package libtext-iconv-perl.
Unpacking libtext-iconv-perl (from .../libtext-iconv-perl_1.7-2_amd64.deb) ...
Selecting previously deselected package libtext-wrapi18n-perl.
Unpacking libtext-wrapi18n-perl (from .../libtext-wrapi18n-perl_0.06-7_all.deb) ...
Selecting previously deselected package libudev0.
dpkg: regarding .../libudev0_167-0ubuntu3_amd64.deb containing libudev0, pre-dependency problem:
 libudev0 pre-depends on multiarch-support
  multiarch-support is not installed.
dpkg: warning: ignoring pre-dependency problem!
Unpacking libudev0 (from .../libudev0_167-0ubuntu3_amd64.deb) ...
Selecting previously deselected package libusb-0.1-4.
Unpacking libusb-0.1-4 (from .../libusb-0.1-4_2%3a0.1.12-17_amd64.deb) ...
Selecting previously deselected package libuuid1.
dpkg: regarding .../libuuid1_2.17.2-9.1ubuntu4_amd64.deb containing libuuid1, pre-dependency problem:
 libuuid1 pre-depends on multiarch-support
  multiarch-support is not installed.
dpkg: warning: ignoring pre-dependency problem!
Unpacking libuuid1 (from .../libuuid1_2.17.2-9.1ubuntu4_amd64.deb) ...
Selecting previously deselected package locales.
Unpacking locales (from .../locales_2.13+git20100825-4_all.deb) ...
Selecting previously deselected package login.
dpkg: regarding .../login_1%3a4.1.4.2+svn3283-3ubuntu1_amd64.deb containing login, pre-dependency problem:
 login pre-depends on libpam0g (>= 0.99.7.1)
  libpam0g is unpacked, but has never been configured.
dpkg: warning: ignoring pre-dependency problem!
dpkg: regarding .../login_1%3a4.1.4.2+svn3283-3ubuntu1_amd64.deb containing login, pre-dependency problem:
 login pre-depends on libpam-runtime
  libpam-runtime is unpacked, but has never been configured.
dpkg: warning: ignoring pre-dependency problem!
dpkg: regarding .../login_1%3a4.1.4.2+svn3283-3ubuntu1_amd64.deb containing login, pre-dependency problem:
 login pre-depends on libpam-modules
  libpam-modules is unpacked, but has never been configured.
dpkg: warning: ignoring pre-dependency problem!
Unpacking login (from .../login_1%3a4.1.4.2+svn3283-3ubuntu1_amd64.deb) ...
Selecting previously deselected package lsb-base.
Unpacking lsb-base (from .../lsb-base_4.0-0ubuntu11_all.deb) ...
Selecting previously deselected package makedev.
Unpacking makedev (from .../makedev_2.3.1-89ubuntu1_all.deb) ...
update-rc.d: using dependency based boot sequencing
insserv: warning: script 'module-init-tools' missing LSB tags and overrides
insserv: Default-Start undefined, assuming empty start runlevel(s) for script `module-init-tools'
insserv: Default-Stop  undefined, assuming empty stop  runlevel(s) for script `module-init-tools'
insserv: warning: script 'plymouth-upstart-bridge' missing LSB tags and overrides
insserv: Default-Start undefined, assuming empty start runlevel(s) for script `plymouth-upstart-bridge'
insserv: Default-Stop  undefined, assuming empty stop  runlevel(s) for script `plymouth-upstart-bridge'
insserv: warning: script 'udev-fallback-graphics' missing LSB tags and overrides
insserv: Default-Start undefined, assuming empty start runlevel(s) for script `udev-fallback-graphics'
insserv: Default-Stop  undefined, assuming empty stop  runlevel(s) for script `udev-fallback-graphics'
insserv: warning: script 'plymouth-stop' missing LSB tags and overrides
insserv: Default-Start undefined, assuming empty start runlevel(s) for script `plymouth-stop'
insserv: Default-Stop  undefined, assuming empty stop  runlevel(s) for script `plymouth-stop'
insserv: warning: script 'hwclock' missing LSB tags and overrides
insserv: Default-Start undefined, assuming empty start runlevel(s) for script `hwclock'
insserv: Default-Stop  undefined, assuming empty stop  runlevel(s) for script `hwclock'
insserv: warning: script 'udev-finish' missing LSB tags and overrides
insserv: Default-Start undefined, assuming empty start runlevel(s) for script `udev-finish'
insserv: Default-Stop  undefined, assuming empty stop  runlevel(s) for script `udev-finish'
insserv: warning: script 'udev' missing LSB tags and overrides
insserv: Default-Start undefined, assuming empty start runlevel(s) for script `udev'
insserv: Default-Stop  undefined, assuming empty stop  runlevel(s) for script `udev'
insserv: warning: script 'udevtrigger' missing LSB tags and overrides
insserv: Default-Start undefined, assuming empty start runlevel(s) for script `udevtrigger'
insserv: Default-Stop  undefined, assuming empty stop  runlevel(s) for script `udevtrigger'
insserv: warning: script 'udevmonitor' missing LSB tags and overrides
insserv: Default-Start undefined, assuming empty start runlevel(s) for script `udevmonitor'
insserv: Default-Stop  undefined, assuming empty stop  runlevel(s) for script `udevmonitor'
insserv: warning: script 'plymouth' missing LSB tags and overrides
insserv: Default-Start undefined, assuming empty start runlevel(s) for script `plymouth'
insserv: Default-Stop  undefined, assuming empty stop  runlevel(s) for script `plymouth'
insserv: warning: script 'plymouth-log' missing LSB tags and overrides
insserv: Default-Start undefined, assuming empty start runlevel(s) for script `plymouth-log'
insserv: Default-Stop  undefined, assuming empty stop  runlevel(s) for script `plymouth-log'
insserv: warning: script 'hwclock-save' missing LSB tags and overrides
insserv: Default-Start undefined, assuming empty start runlevel(s) for script `hwclock-save'
insserv: Default-Stop  undefined, assuming empty stop  runlevel(s) for script `hwclock-save'
insserv: warning: script 'network-interface' missing LSB tags and overrides
insserv: Default-Start undefined, assuming empty start runlevel(s) for script `network-interface'
insserv: Default-Stop  undefined, assuming empty stop  runlevel(s) for script `network-interface'
insserv: warning: script 'network-interface-security' missing LSB tags and overrides
insserv: Default-Start undefined, assuming empty start runlevel(s) for script `network-interface-security'
insserv: Default-Stop  undefined, assuming empty stop  runlevel(s) for script `network-interface-security'
insserv: warning: script 'plymouth-splash' missing LSB tags and overrides
insserv: Default-Start undefined, assuming empty start runlevel(s) for script `plymouth-splash'
insserv: Default-Stop  undefined, assuming empty stop  runlevel(s) for script `plymouth-splash'
insserv: warning: script 'hostname' missing LSB tags and overrides
insserv: Default-Start undefined, assuming empty start runlevel(s) for script `hostname'
insserv: Default-Stop  undefined, assuming empty stop  runlevel(s) for script `hostname'
insserv: warning: script 'procps' missing LSB tags and overrides
insserv: Default-Start undefined, assuming empty start runlevel(s) for script `procps'
insserv: Default-Stop  undefined, assuming empty stop  runlevel(s) for script `procps'
Preparing to replace mawk 1.3.3-15ubuntu2 (using .../mawk_1.3.3-15ubuntu2_amd64.deb) ...
Unpacking replacement mawk ...
Selecting previously deselected package module-init-tools.
Unpacking module-init-tools (from .../module-init-tools_3.12-1ubuntu6_amd64.deb) ...
Selecting previously deselected package mount.
dpkg: regarding .../mount_2.17.2-9.1ubuntu4_amd64.deb containing mount, pre-dependency problem:
 mount pre-depends on libblkid1 (>= 2.17.2)
  libblkid1 is unpacked, but has never been configured.
dpkg: warning: ignoring pre-dependency problem!
dpkg: regarding .../mount_2.17.2-9.1ubuntu4_amd64.deb containing mount, pre-dependency problem:
 mount pre-depends on libselinux1 (>= 2.0.15)
  libselinux1 is unpacked, but has never been configured.
dpkg: warning: ignoring pre-dependency problem!
dpkg: regarding .../mount_2.17.2-9.1ubuntu4_amd64.deb containing mount, pre-dependency problem:
 mount pre-depends on libsepol1 (>= 1.14)
  libsepol1 is unpacked, but has never been configured.
dpkg: warning: ignoring pre-dependency problem!
dpkg: regarding .../mount_2.17.2-9.1ubuntu4_amd64.deb containing mount, pre-dependency problem:
 mount pre-depends on libuuid1 (>= 2.16)
  libuuid1 is unpacked, but has never been configured.
dpkg: warning: ignoring pre-dependency problem!
Unpacking mount (from .../mount_2.17.2-9.1ubuntu4_amd64.deb) ...
Selecting previously deselected package mountall.
Unpacking mountall (from .../mountall_2.25ubuntu1_amd64.deb) ...
Selecting previously deselected package multiarch-support.
Unpacking multiarch-support (from .../multiarch-support_2.13-0ubuntu13_amd64.deb) ...
Selecting previously deselected package ncurses-base.
Unpacking ncurses-base (from .../ncurses-base_5.7+20101128-1_all.deb) ...
Selecting previously deselected package ncurses-bin.
dpkg: regarding .../ncurses-bin_5.7+20101128-1_amd64.deb containing ncurses-bin, pre-dependency problem:
 ncurses-bin pre-depends on libncurses5 (>= 5.7+20090711)
  libncurses5 is unpacked, but has never been configured.
dpkg: warning: ignoring pre-dependency problem!
Unpacking ncurses-bin (from .../ncurses-bin_5.7+20101128-1_amd64.deb) ...
Selecting previously deselected package net-tools.
Unpacking net-tools (from .../net-tools_1.60-23ubuntu3_amd64.deb) ...
Selecting previously deselected package passwd.
Unpacking passwd (from .../passwd_1%3a4.1.4.2+svn3283-3ubuntu1_amd64.deb) ...
Preparing to replace perl-base 5.10.1-17ubuntu4 (using .../perl-base_5.10.1-17ubuntu4_amd64.deb) ...
Unpacking replacement perl-base ...
Selecting previously deselected package plymouth.
Unpacking plymouth (from .../plymouth_0.8.2-2ubuntu22_amd64.deb) ...
Selecting previously deselected package procps.
Unpacking procps (from .../procps_1%3a3.2.8-10ubuntu3_amd64.deb) ...
Selecting previously deselected package python-minimal.
Unpacking python-minimal (from .../python-minimal_2.7.1-0ubuntu5_all.deb) ...
Selecting previously deselected package python2.7-minimal.
Unpacking python2.7-minimal (from .../python2.7-minimal_2.7.1-5ubuntu2_amd64.deb) ...
Selecting previously deselected package sed.
dpkg: regarding .../archives/sed_4.2.1-8_amd64.deb containing sed, pre-dependency problem:
 sed pre-depends on libselinux1 (>= 1.32)
  libselinux1 is unpacked, but has never been configured.
dpkg: warning: ignoring pre-dependency problem!
Unpacking sed (from .../archives/sed_4.2.1-8_amd64.deb) ...
Selecting previously deselected package sensible-utils.
Unpacking sensible-utils (from .../sensible-utils_0.0.6ubuntu2_all.deb) ...
Selecting previously deselected package sysv-rc.
Unpacking sysv-rc (from .../sysv-rc_2.87dsf-4ubuntu23_all.deb) ...
Selecting previously deselected package sysvinit-utils.
Unpacking sysvinit-utils (from .../sysvinit-utils_2.87dsf-4ubuntu23_amd64.deb) ...
Selecting previously deselected package tar.
Unpacking tar (from .../archives/tar_1.25-3_amd64.deb) ...
Selecting previously deselected package tzdata.
Unpacking tzdata (from .../tzdata_2011f-1_all.deb) ...
Selecting previously deselected package udev.
Unpacking udev (from .../udev_167-0ubuntu3_amd64.deb) ...
Adding 'diversion of /sbin/udevadm to /sbin/udevadm.upgrade by fake-udev'
Selecting previously deselected package upstart.
Unpacking upstart (from .../upstart_0.9.7-1_amd64.deb) ...
Selecting previously deselected package util-linux.
dpkg: regarding .../util-linux_2.17.2-9.1ubuntu4_amd64.deb containing util-linux, pre-dependency problem:
 util-linux pre-depends on libblkid1 (>= 2.17.2)
  libblkid1 is unpacked, but has never been configured.
dpkg: warning: ignoring pre-dependency problem!
dpkg: regarding .../util-linux_2.17.2-9.1ubuntu4_amd64.deb containing util-linux, pre-dependency problem:
 util-linux pre-depends on libncurses5 (>= 5.5-5~)
  libncurses5 is unpacked, but has never been configured.
dpkg: warning: ignoring pre-dependency problem!
dpkg: regarding .../util-linux_2.17.2-9.1ubuntu4_amd64.deb containing util-linux, pre-dependency problem:
 util-linux pre-depends on libselinux1 (>= 1.32)
  libselinux1 is unpacked, but has never been configured.
dpkg: warning: ignoring pre-dependency problem!
dpkg: regarding .../util-linux_2.17.2-9.1ubuntu4_amd64.deb containing util-linux, pre-dependency problem:
 util-linux pre-depends on libslang2 (>= 2.0.7-1)
  libslang2 is unpacked, but has never been configured.
dpkg: warning: ignoring pre-dependency problem!
dpkg: regarding .../util-linux_2.17.2-9.1ubuntu4_amd64.deb containing util-linux, pre-dependency problem:
 util-linux pre-depends on libuuid1 (>= 2.16)
  libuuid1 is unpacked, but has never been configured.
dpkg: warning: ignoring pre-dependency problem!
dpkg: regarding .../util-linux_2.17.2-9.1ubuntu4_amd64.deb containing util-linux, pre-dependency problem:
 util-linux pre-depends on zlib1g (>= 1:1.1.4)
dpkg: warning: ignoring pre-dependency problem!
Unpacking util-linux (from .../util-linux_2.17.2-9.1ubuntu4_amd64.deb) ...
Selecting previously deselected package xz-utils.
Unpacking xz-utils (from .../xz-utils_5.0.0-2_amd64.deb) ...
Selecting previously deselected package zlib1g.
dpkg: regarding .../zlib1g_1%3a1.2.3.4.dfsg-3ubuntu3_amd64.deb containing zlib1g, pre-dependency problem:
 zlib1g pre-depends on multiarch-support
  multiarch-support is unpacked, but has never been configured.
dpkg: warning: ignoring pre-dependency problem!
Unpacking zlib1g (from .../zlib1g_1%3a1.2.3.4.dfsg-3ubuntu3_amd64.deb) ...
Setting up ncurses-base (5.7+20101128-1) ...
Setting up sensible-utils (0.0.6ubuntu2) ...
Setting up libklibc (1.5.20-1ubuntu6) ...
Setting up klibc-utils (1.5.20-1ubuntu6) ...
Setting up libc-bin (2.13-0ubuntu13) ...
Setting up gcc-4.5-base (4.5.2-8ubuntu4) ...
Setting up perl-base (5.10.1-17ubuntu4) ...
Setting up libtext-iconv-perl (1.7-2) ...
Setting up liblocale-gettext-perl (1.05-6) ...
Setting up libtext-charwidth-perl (0.04-6) ...
Setting up libtext-wrapi18n-perl (0.06-7) ...
Setting up debconf-i18n (1.5.36ubuntu4) ...
Setting up debconf (1.5.36ubuntu4) ...
locale: Cannot set LC_ALL to default locale: No such file or directory
Setting up tzdata (2011f-1) ...
locale: Cannot set LC_ALL to default locale: No such file or directory

Current default time zone: 'Etc/UTC'
Local time is now:      Sat Mar 26 11:07:51 UTC 2016.
Universal Time is now:  Sat Mar 26 11:07:51 UTC 2016.
Run 'dpkg-reconfigure tzdata' if you wish to change it.

Setting up libc6 (2.13-0ubuntu13) ...
Setting up debianutils (3.4.3ubuntu1) ...
Setting up libusb-0.1-4 (2:0.1.12-17) ...
Setting up bsdutils (1:2.17.2-9.1ubuntu4) ...
Setting up libsepol1 (2.0.41-1) ...
Setting up diffutils (1:3.0-1) ...
Setting up tar (1.25-3) ...
update-alternatives: using /usr/sbin/rmt-tar to provide /usr/sbin/rmt (rmt) in auto mode.
Setting up locales (2.13+git20100825-4) ...
Setting up libncurses5 (5.7+20101128-1) ...
Setting up base-passwd (3.5.22) ...
Setting up mawk (1.3.3-15ubuntu2) ...
Setting up net-tools (1.60-23ubuntu3) ...
Setting up libslang2 (2.2.2-4ubuntu2) ...
Setting up findutils (4.4.2-1ubuntu3) ...
Setting up liblzma2 (5.0.0-2) ...
Setting up libnih1 (1.0.3-1ubuntu1) ...
Setting up insserv (1.14.0-2) ...
Setting up gzip (1.3.12-9ubuntu1.1) ...
Setting up libncursesw5 (5.7+20101128-1) ...
Setting up busybox-initramfs (1:1.17.1-10ubuntu1) ...
Setting up libbz2-1.0 (1.0.5-6ubuntu1) ...
Setting up multiarch-support (2.13-0ubuntu13) ...
Setting up libselinux1 (2.0.96-1ubuntu2) ...
Setting up makedev (2.3.1-89ubuntu1) ...
Setting up libdbus-1-3 (1.4.6-1ubuntu6) ...
Setting up libpam0g (1.1.2-2ubuntu8) ...
locale: Cannot set LC_ALL to default locale: No such file or directory
Setting up ncurses-bin (5.7+20101128-1) ...
Setting up libdrm2 (2.4.23-1ubuntu6) ...
Setting up libdrm-nouveau1a (2.4.23-1ubuntu6) ...
Setting up libudev0 (167-0ubuntu3) ...
Setting up libdrm-radeon1 (2.4.23-1ubuntu6) ...
Setting up zlib1g (1:1.2.3.4.dfsg-3ubuntu3) ...
Setting up libgcc1 (1:4.5.2-8ubuntu4) ...
Setting up initramfs-tools-bin (0.98.8ubuntu3) ...
Setting up libattr1 (1:2.4.44-2ubuntu3) ...
Setting up e2fslibs (1.41.14-1ubuntu3) ...
Setting up libcomerr2 (1.41.14-1ubuntu3) ...
Setting up libdb4.8 (4.8.30-5ubuntu2) ...
Setting up libacl1 (2.2.49-4ubuntu2) ...
Setting up libss2 (1.41.14-1ubuntu3) ...
Setting up libpam-modules-bin (1.1.2-2ubuntu8) ...
Setting up xz-utils (5.0.0-2) ...
Setting up libpcre3 (8.12-3ubuntu2) ...
Setting up libdrm-intel1 (2.4.23-1ubuntu6) ...
Setting up sysvinit-utils (2.87dsf-4ubuntu23) ...
Setting up libnih-dbus1 (1.0.3-1ubuntu1) ...
Setting up libpng12-0 (1.2.44-1ubuntu3) ...
Setting up libglib2.0-0 (2.28.6-0ubuntu1) ...
No schema files found: doing nothing.
Setting up coreutils (8.5-1ubuntu6) ...
Setting up libssl0.9.8 (0.9.8o-5ubuntu1) ...
locale: Cannot set LC_ALL to default locale: No such file or directory
Setting up sysv-rc (2.87dsf-4ubuntu23) ...
locale: Cannot set LC_ALL to default locale: No such file or directory
Setting up libpam-modules (1.1.2-2ubuntu8) ...
Setting up base-files (5.0.0ubuntu28) ...
Setting up libplymouth2 (0.8.2-2ubuntu22) ...
Setting up python2.7-minimal (2.7.1-5ubuntu2) ...
Setting up passwd (1:4.1.4.2+svn3283-3ubuntu1) ...
Shadow passwords are now on.
Setting up libpam-runtime (1.1.2-2ubuntu8) ...
locale: Cannot set LC_ALL to default locale: No such file or directory
Setting up dpkg (1.16.0~ubuntu7) ...
Setting up cpio (2.11-7ubuntu1) ...
update-alternatives: using /bin/mt-gnu to provide /bin/mt (mt) in auto mode.
Setting up dash (0.5.5.1-7.2ubuntu1) ...
locale: Cannot set LC_ALL to default locale: No such file or directory
Setting up login (1:4.1.4.2+svn3283-3ubuntu1) ...
Setting up libuuid1 (2.17.2-9.1ubuntu4) ...
Setting up python-minimal (2.7.1-0ubuntu5) ...
Setting up mountall (2.25ubuntu1) ...
Setting up adduser (3.112+nmu1ubuntu5) ...
locale: Cannot set LC_ALL to default locale: No such file or directory
Setting up sed (4.2.1-8) ...
Setting up grep (2.6.3-3ubuntu1) ...
Setting up libblkid1 (2.17.2-9.1ubuntu4) ...
Setting up bash (4.2-0ubuntu3) ...
update-alternatives: using /usr/share/man/man7/bash-builtins.7.gz to provide /usr/share/man/man7/builtins.7.gz (builtins.7.gz) in auto mode.
Setting up lsb-base (4.0-0ubuntu11) ...
Setting up ifupdown (0.6.10ubuntu4) ...
Creating /etc/network/interfaces.

Warning: Fake initctl called, doing nothing
Setting up mount (2.17.2-9.1ubuntu4) ...
Setting up upstart (0.9.7-1) ...
Setting up hostname (3.05ubuntu1) ...
Setting up initscripts (2.87dsf-4ubuntu23) ...
Setting up util-linux (2.17.2-9.1ubuntu4) ...
update-alternatives: using /bin/more to provide /usr/bin/pager (pager) in auto mode.
Setting up module-init-tools (3.12-1ubuntu6) ...
Setting up procps (1:3.2.8-10ubuntu3) ...
update-alternatives: using /usr/bin/w.procps to provide /usr/bin/w (w) in auto mode.
Setting up e2fsprogs (1.41.14-1ubuntu3) ...
Setting up udev (167-0ubuntu3) ...

Warning: Fake initctl called, doing nothing
Removing 'diversion of /sbin/udevadm to /sbin/udevadm.upgrade by fake-udev'
update-initramfs: deferring update (trigger activated)
Setting up initramfs-tools (0.98.8ubuntu3) ...
update-initramfs: deferring update (trigger activated)
Setting up plymouth (0.8.2-2ubuntu22) ...
update-initramfs: deferring update (trigger activated)
Processing triggers for libc-bin ...
ldconfig deferred processing now taking place
Processing triggers for initramfs-tools ...
(Reading database ... 6824 files and directories currently installed.)
Unpacking apt (from .../apt_0.8.13.2ubuntu2_amd64.deb) ...
Unpacking libstdc++6 (from .../libstdc++6_4.5.2-8ubuntu4_amd64.deb) ...
Setting up libstdc++6 (4.5.2-8ubuntu4) ...
Setting up apt (0.8.13.2ubuntu2) ...
Warning: gnupg does not seem to be installed.
Warning: apt-key requires gnupg for most operations.

ERROR: Can't find the archive-keyring
Is the ubuntu-keyring package installed?
Processing triggers for libc-bin ...
ldconfig deferred processing now taking place
